Spark Command: /usr/lib/jvm/java-1.8.0-openjdk-1.8.0.322.b06-11.el8.x86_64/jre/bin/java -cp /home/hadoop/spark/conf/:/home/hadoop/spark/jars/*:/home/hadoop/hadoop/etc/hadoop/ -Xmx1g org.apache.spark.deploy.history.HistoryServer
========================================
Using Spark's default log4j profile: org/apache/spark/log4j2-defaults.properties
22/10/02 21:50:01 INFO HistoryServer: Started daemon with process name: 577842@centos
22/10/02 21:50:01 INFO SignalUtils: Registering signal handler for TERM
22/10/02 21:50:01 INFO SignalUtils: Registering signal handler for HUP
22/10/02 21:50:01 INFO SignalUtils: Registering signal handler for INT
22/10/02 21:50:02 INFO SecurityManager: Changing view acls to: hadoop
22/10/02 21:50:02 INFO SecurityManager: Changing modify acls to: hadoop
22/10/02 21:50:02 INFO SecurityManager: Changing view acls groups to: 
22/10/02 21:50:02 INFO SecurityManager: Changing modify acls groups to: 
22/10/02 21:50:02 INFO SecurityManager: SecurityManager: authentication disabled; ui acls disabled; users  with view permissions: Set(hadoop); groups with view permissions: Set(); users  with modify permissions: Set(hadoop); groups with modify permissions: Set()
22/10/02 21:50:02 INFO FsHistoryProvider: History server ui acls disabled; users with admin permissions: ; groups with admin permissions: 
22/10/02 21:50:03 INFO Utils: Successfully started service 'HistoryServerUI' on port 18080.
22/10/02 21:50:03 INFO HistoryServer: Bound HistoryServer to 0.0.0.0, and started at http://centos.us-west4-b.c.plated-monolith-357905.internal:18080
22/10/02 21:50:04 INFO FsHistoryProvider: HDFS is still in safe mode. Waiting...
22/10/02 21:50:09 INFO FsHistoryProvider: HDFS is still in safe mode. Waiting...
22/10/02 21:50:14 INFO FsHistoryProvider: HDFS is still in safe mode. Waiting...
22/10/02 21:50:19 INFO FsHistoryProvider: Parsing hdfs://centos:9000/spark-logs/application_1664744631846_0016 for listing data...
22/10/02 21:50:21 INFO FsHistoryProvider: Finished parsing hdfs://centos:9000/spark-logs/application_1664744631846_0016
22/10/02 21:53:19 INFO FsHistoryProvider: Parsing hdfs://centos:9000/spark-logs/application_1664747396430_0002.inprogress for listing data...
22/10/02 21:53:20 INFO FsHistoryProvider: Finished parsing hdfs://centos:9000/spark-logs/application_1664747396430_0002.inprogress
22/10/02 21:53:49 INFO FsHistoryProvider: Parsing hdfs://centos:9000/spark-logs/application_1664747396430_0002 for listing data...
22/10/02 21:53:49 INFO FsHistoryProvider: Finished parsing hdfs://centos:9000/spark-logs/application_1664747396430_0002
22/10/02 21:54:49 INFO FsHistoryProvider: Parsing hdfs://centos:9000/spark-logs/application_1664747396430_0004_1.inprogress for listing data...
22/10/02 21:54:49 INFO FsHistoryProvider: Finished parsing hdfs://centos:9000/spark-logs/application_1664747396430_0004_1.inprogress
22/10/02 21:55:29 INFO FsHistoryProvider: Parsing hdfs://centos:9000/spark-logs/application_1664747396430_0004_1 for listing data...
22/10/02 21:55:29 INFO FsHistoryProvider: Finished parsing hdfs://centos:9000/spark-logs/application_1664747396430_0004_1
